<?xml version="1.0" encoding="UTF-8"?>
<robot generator="Robot 5.0.1 (Python 3.10.6 on win32)" generated="20220906 23:25:10.651" rpa="false" schemaversion="3">
<suite id="s1" name="Test Login Rf" source="D:\DareIT\daria_robot_framework\test_login_rf.robot">
<test id="s1-t1" name="Login to the system" line="24">
<kw name="Open login page">
<kw name="Open Browser" library="SeleniumLibrary">
<arg>${LOGIN URL}</arg>
<arg>${BROWSER}</arg>
<doc>Opens a new browser instance to the optional ``url``.</doc>
<msg timestamp="20220906 23:25:10.835" level="INFO">Opening browser 'Chrome' to base url 'https://scouts-test.futbolkolektyw.pl/en'.</msg>
<status status="PASS" starttime="20220906 23:25:10.835" endtime="20220906 23:25:12.880"/>
</kw>
<kw name="Title Should Be" library="SeleniumLibrary">
<arg>Scouts panel - sign in</arg>
<doc>Verifies that the current page title equals ``title``.</doc>
<msg timestamp="20220906 23:25:12.896" level="INFO">Page title is 'Scouts panel - sign in'.</msg>
<status status="PASS" starttime="20220906 23:25:12.880" endtime="20220906 23:25:12.896"/>
</kw>
<status status="PASS" starttime="20220906 23:25:10.835" endtime="20220906 23:25:12.896"/>
</kw>
<kw name="Type in email">
<kw name="Input Text" library="SeleniumLibrary">
<arg>${EMAILINPUT}</arg>
<arg>user06@getnada.com</arg>
<doc>Types the given ``text`` into the text field identified by ``locator``.</doc>
<msg timestamp="20220906 23:25:12.899" level="INFO">Typing text 'user06@getnada.com' into text field 'xpath=//*[@id='login']'.</msg>
<status status="PASS" starttime="20220906 23:25:12.898" endtime="20220906 23:25:13.094"/>
</kw>
<status status="PASS" starttime="20220906 23:25:12.897" endtime="20220906 23:25:13.095"/>
</kw>
<kw name="Type in password">
<kw name="Input Text" library="SeleniumLibrary">
<arg>${PASSWORDINPUT}</arg>
<arg>Test-1234</arg>
<doc>Types the given ``text`` into the text field identified by ``locator``.</doc>
<msg timestamp="20220906 23:25:13.097" level="INFO">Typing text 'Test-1234' into text field 'xpath=//*[@id='password']'.</msg>
<status status="PASS" starttime="20220906 23:25:13.097" endtime="20220906 23:25:13.191"/>
</kw>
<status status="PASS" starttime="20220906 23:25:13.097" endtime="20220906 23:25:13.191"/>
</kw>
<kw name="Click On The Sign In Button">
<kw name="Click Element" library="SeleniumLibrary">
<arg>xpath=//*/button[@type='submit']</arg>
<doc>Click the element identified by ``locator``.</doc>
<msg timestamp="20220906 23:25:13.195" level="INFO">Clicking element 'xpath=//*/button[@type='submit']'.</msg>
<status status="PASS" starttime="20220906 23:25:13.194" endtime="20220906 23:25:13.231"/>
</kw>
<status status="PASS" starttime="20220906 23:25:13.193" endtime="20220906 23:25:13.231"/>
</kw>
<kw name="Assert dashboard">
<kw name="Wait Until Element Is Visible" library="SeleniumLibrary">
<arg>${SIGNOUTBUTTON}</arg>
<doc>Waits until the element ``locator`` is visible.</doc>
<status status="PASS" starttime="20220906 23:25:13.231" endtime="20220906 23:25:13.923"/>
</kw>
<kw name="Title Should Be" library="SeleniumLibrary">
<arg>Scouts panel</arg>
<doc>Verifies that the current page title equals ``title``.</doc>
<msg timestamp="20220906 23:25:13.927" level="INFO">Page title is 'Scouts panel'.</msg>
<status status="PASS" starttime="20220906 23:25:13.923" endtime="20220906 23:25:13.927"/>
</kw>
<kw name="Capture Page Screenshot" library="SeleniumLibrary">
<arg>alert.png</arg>
<doc>Takes a screenshot of the current page and embeds it into a log file.</doc>
<msg timestamp="20220906 23:25:14.012" level="INFO" html="true">&lt;/td&gt;&lt;/tr&gt;&lt;tr&gt;&lt;td colspan="3"&gt;&lt;a href="alert.png"&gt;&lt;img src="alert.png" width="800px"&gt;&lt;/a&gt;</msg>
<status status="PASS" starttime="20220906 23:25:13.927" endtime="20220906 23:25:14.012"/>
</kw>
<status status="PASS" starttime="20220906 23:25:13.231" endtime="20220906 23:25:14.012"/>
</kw>
<kw name="Close Browser" library="SeleniumLibrary" type="TEARDOWN">
<doc>Closes the current browser.</doc>
<status status="PASS" starttime="20220906 23:25:14.013" endtime="20220906 23:25:16.171"/>
</kw>
<status status="PASS" starttime="20220906 23:25:10.834" endtime="20220906 23:25:16.172"/>
</test>
<test id="s1-t2" name="Sign out of system" line="31">
<kw name="Open login page">
<kw name="Open Browser" library="SeleniumLibrary">
<arg>${LOGIN URL}</arg>
<arg>${BROWSER}</arg>
<doc>Opens a new browser instance to the optional ``url``.</doc>
<msg timestamp="20220906 23:25:16.174" level="INFO">Opening browser 'Chrome' to base url 'https://scouts-test.futbolkolektyw.pl/en'.</msg>
<status status="PASS" starttime="20220906 23:25:16.174" endtime="20220906 23:25:17.931"/>
</kw>
<kw name="Title Should Be" library="SeleniumLibrary">
<arg>Scouts panel - sign in</arg>
<doc>Verifies that the current page title equals ``title``.</doc>
<msg timestamp="20220906 23:25:17.939" level="INFO">Page title is 'Scouts panel - sign in'.</msg>
<status status="PASS" starttime="20220906 23:25:17.932" endtime="20220906 23:25:17.939"/>
</kw>
<status status="PASS" starttime="20220906 23:25:16.174" endtime="20220906 23:25:17.939"/>
</kw>
<kw name="Type in email">
<kw name="Input Text" library="SeleniumLibrary">
<arg>${EMAILINPUT}</arg>
<arg>user06@getnada.com</arg>
<doc>Types the given ``text`` into the text field identified by ``locator``.</doc>
<msg timestamp="20220906 23:25:17.940" level="INFO">Typing text 'user06@getnada.com' into text field 'xpath=//*[@id='login']'.</msg>
<status status="PASS" starttime="20220906 23:25:17.940" endtime="20220906 23:25:18.123"/>
</kw>
<status status="PASS" starttime="20220906 23:25:17.939" endtime="20220906 23:25:18.123"/>
</kw>
<kw name="Type in password">
<kw name="Input Text" library="SeleniumLibrary">
<arg>${PASSWORDINPUT}</arg>
<arg>Test-1234</arg>
<doc>Types the given ``text`` into the text field identified by ``locator``.</doc>
<msg timestamp="20220906 23:25:18.124" level="INFO">Typing text 'Test-1234' into text field 'xpath=//*[@id='password']'.</msg>
<status status="PASS" starttime="20220906 23:25:18.124" endtime="20220906 23:25:18.240"/>
</kw>
<status status="PASS" starttime="20220906 23:25:18.123" endtime="20220906 23:25:18.240"/>
</kw>
<kw name="Click On The Sign In Button">
<kw name="Click Element" library="SeleniumLibrary">
<arg>xpath=//*/button[@type='submit']</arg>
<doc>Click the element identified by ``locator``.</doc>
<msg timestamp="20220906 23:25:18.241" level="INFO">Clicking element 'xpath=//*/button[@type='submit']'.</msg>
<status status="PASS" starttime="20220906 23:25:18.241" endtime="20220906 23:25:18.291"/>
</kw>
<status status="PASS" starttime="20220906 23:25:18.241" endtime="20220906 23:25:18.291"/>
</kw>
<kw name="Assert dashboard">
<kw name="Wait Until Element Is Visible" library="SeleniumLibrary">
<arg>${SIGNOUTBUTTON}</arg>
<doc>Waits until the element ``locator`` is visible.</doc>
<status status="PASS" starttime="20220906 23:25:18.293" endtime="20220906 23:25:18.963"/>
</kw>
<kw name="Title Should Be" library="SeleniumLibrary">
<arg>Scouts panel</arg>
<doc>Verifies that the current page title equals ``title``.</doc>
<msg timestamp="20220906 23:25:18.966" level="INFO">Page title is 'Scouts panel'.</msg>
<status status="PASS" starttime="20220906 23:25:18.963" endtime="20220906 23:25:18.966"/>
</kw>
<kw name="Capture Page Screenshot" library="SeleniumLibrary">
<arg>alert.png</arg>
<doc>Takes a screenshot of the current page and embeds it into a log file.</doc>
<msg timestamp="20220906 23:25:19.068" level="INFO" html="true">&lt;/td&gt;&lt;/tr&gt;&lt;tr&gt;&lt;td colspan="3"&gt;&lt;a href="alert.png"&gt;&lt;img src="alert.png" width="800px"&gt;&lt;/a&gt;</msg>
<status status="PASS" starttime="20220906 23:25:18.966" endtime="20220906 23:25:19.068"/>
</kw>
<status status="PASS" starttime="20220906 23:25:18.292" endtime="20220906 23:25:19.068"/>
</kw>
<kw name="Click on the Sign out button">
<kw name="Click Element" library="SeleniumLibrary">
<arg>${SIGNOUTBUTTON}</arg>
<doc>Click the element identified by ``locator``.</doc>
<msg timestamp="20220906 23:25:19.068" level="INFO">Clicking element 'xpath=//*[text()='Sign out']'.</msg>
<status status="PASS" starttime="20220906 23:25:19.068" endtime="20220906 23:25:19.115"/>
</kw>
<status status="PASS" starttime="20220906 23:25:19.068" endtime="20220906 23:25:19.115"/>
</kw>
<kw name="Close Browser" library="SeleniumLibrary" type="TEARDOWN">
<doc>Closes the current browser.</doc>
<status status="PASS" starttime="20220906 23:25:19.116" endtime="20220906 23:25:21.283"/>
</kw>
<status status="PASS" starttime="20220906 23:25:16.173" endtime="20220906 23:25:21.284"/>
</test>
<test id="s1-t3" name="Switch the language" line="39">
<kw name="Open login page">
<kw name="Open Browser" library="SeleniumLibrary">
<arg>${LOGIN URL}</arg>
<arg>${BROWSER}</arg>
<doc>Opens a new browser instance to the optional ``url``.</doc>
<msg timestamp="20220906 23:25:21.289" level="INFO">Opening browser 'Chrome' to base url 'https://scouts-test.futbolkolektyw.pl/en'.</msg>
<status status="PASS" starttime="20220906 23:25:21.288" endtime="20220906 23:25:23.059"/>
</kw>
<kw name="Title Should Be" library="SeleniumLibrary">
<arg>Scouts panel - sign in</arg>
<doc>Verifies that the current page title equals ``title``.</doc>
<msg timestamp="20220906 23:25:23.064" level="INFO">Page title is 'Scouts panel - sign in'.</msg>
<status status="PASS" starttime="20220906 23:25:23.059" endtime="20220906 23:25:23.064"/>
</kw>
<status status="PASS" starttime="20220906 23:25:21.288" endtime="20220906 23:25:23.064"/>
</kw>
<kw name="Type in email">
<kw name="Input Text" library="SeleniumLibrary">
<arg>${EMAILINPUT}</arg>
<arg>user06@getnada.com</arg>
<doc>Types the given ``text`` into the text field identified by ``locator``.</doc>
<msg timestamp="20220906 23:25:23.065" level="INFO">Typing text 'user06@getnada.com' into text field 'xpath=//*[@id='login']'.</msg>
<status status="PASS" starttime="20220906 23:25:23.065" endtime="20220906 23:25:23.209"/>
</kw>
<status status="PASS" starttime="20220906 23:25:23.065" endtime="20220906 23:25:23.209"/>
</kw>
<kw name="Type in password">
<kw name="Input Text" library="SeleniumLibrary">
<arg>${PASSWORDINPUT}</arg>
<arg>Test-1234</arg>
<doc>Types the given ``text`` into the text field identified by ``locator``.</doc>
<msg timestamp="20220906 23:25:23.210" level="INFO">Typing text 'Test-1234' into text field 'xpath=//*[@id='password']'.</msg>
<status status="PASS" starttime="20220906 23:25:23.210" endtime="20220906 23:25:23.328"/>
</kw>
<status status="PASS" starttime="20220906 23:25:23.210" endtime="20220906 23:25:23.328"/>
</kw>
<kw name="Click On The Sign In Button">
<kw name="Click Element" library="SeleniumLibrary">
<arg>xpath=//*/button[@type='submit']</arg>
<doc>Click the element identified by ``locator``.</doc>
<msg timestamp="20220906 23:25:23.331" level="INFO">Clicking element 'xpath=//*/button[@type='submit']'.</msg>
<status status="PASS" starttime="20220906 23:25:23.331" endtime="20220906 23:25:23.380"/>
</kw>
<status status="PASS" starttime="20220906 23:25:23.330" endtime="20220906 23:25:23.380"/>
</kw>
<kw name="Assert dashboard">
<kw name="Wait Until Element Is Visible" library="SeleniumLibrary">
<arg>${SIGNOUTBUTTON}</arg>
<doc>Waits until the element ``locator`` is visible.</doc>
<status status="PASS" starttime="20220906 23:25:23.382" endtime="20220906 23:25:24.065"/>
</kw>
<kw name="Title Should Be" library="SeleniumLibrary">
<arg>Scouts panel</arg>
<doc>Verifies that the current page title equals ``title``.</doc>
<msg timestamp="20220906 23:25:24.069" level="INFO">Page title is 'Scouts panel'.</msg>
<status status="PASS" starttime="20220906 23:25:24.065" endtime="20220906 23:25:24.070"/>
</kw>
<kw name="Capture Page Screenshot" library="SeleniumLibrary">
<arg>alert.png</arg>
<doc>Takes a screenshot of the current page and embeds it into a log file.</doc>
<msg timestamp="20220906 23:25:24.168" level="INFO" html="true">&lt;/td&gt;&lt;/tr&gt;&lt;tr&gt;&lt;td colspan="3"&gt;&lt;a href="alert.png"&gt;&lt;img src="alert.png" width="800px"&gt;&lt;/a&gt;</msg>
<status status="PASS" starttime="20220906 23:25:24.070" endtime="20220906 23:25:24.168"/>
</kw>
<status status="PASS" starttime="20220906 23:25:23.381" endtime="20220906 23:25:24.168"/>
</kw>
<kw name="Click on Language button">
<kw name="Click Element" library="SeleniumLibrary">
<arg>${LANGUAGEBUTTON}</arg>
<doc>Click the element identified by ``locator``.</doc>
<msg timestamp="20220906 23:25:24.169" level="INFO">Clicking element 'xpath=//*[text()='Polski']'.</msg>
<status status="PASS" starttime="20220906 23:25:24.169" endtime="20220906 23:25:24.232"/>
</kw>
<status status="PASS" starttime="20220906 23:25:24.169" endtime="20220906 23:25:24.232"/>
</kw>
<kw name="Close Browser" library="SeleniumLibrary" type="TEARDOWN">
<doc>Closes the current browser.</doc>
<status status="PASS" starttime="20220906 23:25:24.233" endtime="20220906 23:25:26.382"/>
</kw>
<status status="PASS" starttime="20220906 23:25:21.287" endtime="20220906 23:25:26.382"/>
</test>
<test id="s1-t4" name="Check Logo visibility" line="47">
<kw name="Open login page">
<kw name="Open Browser" library="SeleniumLibrary">
<arg>${LOGIN URL}</arg>
<arg>${BROWSER}</arg>
<doc>Opens a new browser instance to the optional ``url``.</doc>
<msg timestamp="20220906 23:25:26.387" level="INFO">Opening browser 'Chrome' to base url 'https://scouts-test.futbolkolektyw.pl/en'.</msg>
<status status="PASS" starttime="20220906 23:25:26.386" endtime="20220906 23:25:28.220"/>
</kw>
<kw name="Title Should Be" library="SeleniumLibrary">
<arg>Scouts panel - sign in</arg>
<doc>Verifies that the current page title equals ``title``.</doc>
<msg timestamp="20220906 23:25:28.224" level="INFO">Page title is 'Scouts panel - sign in'.</msg>
<status status="PASS" starttime="20220906 23:25:28.220" endtime="20220906 23:25:28.224"/>
</kw>
<status status="PASS" starttime="20220906 23:25:26.386" endtime="20220906 23:25:28.224"/>
</kw>
<kw name="Type in email">
<kw name="Input Text" library="SeleniumLibrary">
<arg>${EMAILINPUT}</arg>
<arg>user06@getnada.com</arg>
<doc>Types the given ``text`` into the text field identified by ``locator``.</doc>
<msg timestamp="20220906 23:25:28.226" level="INFO">Typing text 'user06@getnada.com' into text field 'xpath=//*[@id='login']'.</msg>
<status status="PASS" starttime="20220906 23:25:28.226" endtime="20220906 23:25:28.553"/>
</kw>
<status status="PASS" starttime="20220906 23:25:28.225" endtime="20220906 23:25:28.553"/>
</kw>
<kw name="Type in password">
<kw name="Input Text" library="SeleniumLibrary">
<arg>${PASSWORDINPUT}</arg>
<arg>Test-1234</arg>
<doc>Types the given ``text`` into the text field identified by ``locator``.</doc>
<msg timestamp="20220906 23:25:28.562" level="INFO">Typing text 'Test-1234' into text field 'xpath=//*[@id='password']'.</msg>
<status status="PASS" starttime="20220906 23:25:28.561" endtime="20220906 23:25:28.691"/>
</kw>
<status status="PASS" starttime="20220906 23:25:28.561" endtime="20220906 23:25:28.691"/>
</kw>
<kw name="Click On The Sign In Button">
<kw name="Click Element" library="SeleniumLibrary">
<arg>xpath=//*/button[@type='submit']</arg>
<doc>Click the element identified by ``locator``.</doc>
<msg timestamp="20220906 23:25:28.692" level="INFO">Clicking element 'xpath=//*/button[@type='submit']'.</msg>
<status status="PASS" starttime="20220906 23:25:28.692" endtime="20220906 23:25:28.747"/>
</kw>
<status status="PASS" starttime="20220906 23:25:28.692" endtime="20220906 23:25:28.747"/>
</kw>
<kw name="Assert dashboard">
<kw name="Wait Until Element Is Visible" library="SeleniumLibrary">
<arg>${SIGNOUTBUTTON}</arg>
<doc>Waits until the element ``locator`` is visible.</doc>
<status status="PASS" starttime="20220906 23:25:28.749" endtime="20220906 23:25:29.434"/>
</kw>
<kw name="Title Should Be" library="SeleniumLibrary">
<arg>Scouts panel</arg>
<doc>Verifies that the current page title equals ``title``.</doc>
<msg timestamp="20220906 23:25:29.437" level="INFO">Page title is 'Scouts panel'.</msg>
<status status="PASS" starttime="20220906 23:25:29.434" endtime="20220906 23:25:29.437"/>
</kw>
<kw name="Capture Page Screenshot" library="SeleniumLibrary">
<arg>alert.png</arg>
<doc>Takes a screenshot of the current page and embeds it into a log file.</doc>
<msg timestamp="20220906 23:25:29.530" level="INFO" html="true">&lt;/td&gt;&lt;/tr&gt;&lt;tr&gt;&lt;td colspan="3"&gt;&lt;a href="alert.png"&gt;&lt;img src="alert.png" width="800px"&gt;&lt;/a&gt;</msg>
<status status="PASS" starttime="20220906 23:25:29.437" endtime="20220906 23:25:29.530"/>
</kw>
<status status="PASS" starttime="20220906 23:25:28.748" endtime="20220906 23:25:29.530"/>
</kw>
<kw name="Check logo visibility">
<kw name="Wait Until Element Is Visible" library="SeleniumLibrary">
<arg>${PAGELOGO}</arg>
<doc>Waits until the element ``locator`` is visible.</doc>
<status status="PASS" starttime="20220906 23:25:29.530" endtime="20220906 23:25:29.550"/>
</kw>
<kw name="Capture Page Screenshot" library="SeleniumLibrary">
<arg>alert.png</arg>
<doc>Takes a screenshot of the current page and embeds it into a log file.</doc>
<msg timestamp="20220906 23:25:29.644" level="INFO" html="true">&lt;/td&gt;&lt;/tr&gt;&lt;tr&gt;&lt;td colspan="3"&gt;&lt;a href="alert.png"&gt;&lt;img src="alert.png" width="800px"&gt;&lt;/a&gt;</msg>
<status status="PASS" starttime="20220906 23:25:29.550" endtime="20220906 23:25:29.644"/>
</kw>
<status status="PASS" starttime="20220906 23:25:29.530" endtime="20220906 23:25:29.644"/>
</kw>
<kw name="Close Browser" library="SeleniumLibrary" type="TEARDOWN">
<doc>Closes the current browser.</doc>
<status status="PASS" starttime="20220906 23:25:29.645" endtime="20220906 23:25:31.792"/>
</kw>
<status status="PASS" starttime="20220906 23:25:26.384" endtime="20220906 23:25:31.793"/>
</test>
<test id="s1-t5" name="Add a player" line="55">
<kw name="Open login page">
<kw name="Open Browser" library="SeleniumLibrary">
<arg>${LOGIN URL}</arg>
<arg>${BROWSER}</arg>
<doc>Opens a new browser instance to the optional ``url``.</doc>
<msg timestamp="20220906 23:25:31.795" level="INFO">Opening browser 'Chrome' to base url 'https://scouts-test.futbolkolektyw.pl/en'.</msg>
<status status="PASS" starttime="20220906 23:25:31.795" endtime="20220906 23:25:33.459"/>
</kw>
<kw name="Title Should Be" library="SeleniumLibrary">
<arg>Scouts panel - sign in</arg>
<doc>Verifies that the current page title equals ``title``.</doc>
<msg timestamp="20220906 23:25:33.472" level="INFO">Page title is 'Scouts panel - sign in'.</msg>
<status status="PASS" starttime="20220906 23:25:33.460" endtime="20220906 23:25:33.472"/>
</kw>
<status status="PASS" starttime="20220906 23:25:31.795" endtime="20220906 23:25:33.472"/>
</kw>
<kw name="Type in email">
<kw name="Input Text" library="SeleniumLibrary">
<arg>${EMAILINPUT}</arg>
<arg>user06@getnada.com</arg>
<doc>Types the given ``text`` into the text field identified by ``locator``.</doc>
<msg timestamp="20220906 23:25:33.473" level="INFO">Typing text 'user06@getnada.com' into text field 'xpath=//*[@id='login']'.</msg>
<status status="PASS" starttime="20220906 23:25:33.473" endtime="20220906 23:25:33.614"/>
</kw>
<status status="PASS" starttime="20220906 23:25:33.473" endtime="20220906 23:25:33.614"/>
</kw>
<kw name="Type in password">
<kw name="Input Text" library="SeleniumLibrary">
<arg>${PASSWORDINPUT}</arg>
<arg>Test-1234</arg>
<doc>Types the given ``text`` into the text field identified by ``locator``.</doc>
<msg timestamp="20220906 23:25:33.614" level="INFO">Typing text 'Test-1234' into text field 'xpath=//*[@id='password']'.</msg>
<status status="PASS" starttime="20220906 23:25:33.614" endtime="20220906 23:25:33.719"/>
</kw>
<status status="PASS" starttime="20220906 23:25:33.614" endtime="20220906 23:25:33.719"/>
</kw>
<kw name="Click On The Sign In Button">
<kw name="Click Element" library="SeleniumLibrary">
<arg>xpath=//*/button[@type='submit']</arg>
<doc>Click the element identified by ``locator``.</doc>
<msg timestamp="20220906 23:25:33.723" level="INFO">Clicking element 'xpath=//*/button[@type='submit']'.</msg>
<status status="PASS" starttime="20220906 23:25:33.723" endtime="20220906 23:25:33.778"/>
</kw>
<status status="PASS" starttime="20220906 23:25:33.723" endtime="20220906 23:25:33.779"/>
</kw>
<kw name="Assert dashboard">
<kw name="Wait Until Element Is Visible" library="SeleniumLibrary">
<arg>${SIGNOUTBUTTON}</arg>
<doc>Waits until the element ``locator`` is visible.</doc>
<status status="PASS" starttime="20220906 23:25:33.781" endtime="20220906 23:25:34.473"/>
</kw>
<kw name="Title Should Be" library="SeleniumLibrary">
<arg>Scouts panel</arg>
<doc>Verifies that the current page title equals ``title``.</doc>
<msg timestamp="20220906 23:25:34.478" level="INFO">Page title is 'Scouts panel'.</msg>
<status status="PASS" starttime="20220906 23:25:34.473" endtime="20220906 23:25:34.478"/>
</kw>
<kw name="Capture Page Screenshot" library="SeleniumLibrary">
<arg>alert.png</arg>
<doc>Takes a screenshot of the current page and embeds it into a log file.</doc>
<msg timestamp="20220906 23:25:34.584" level="INFO" html="true">&lt;/td&gt;&lt;/tr&gt;&lt;tr&gt;&lt;td colspan="3"&gt;&lt;a href="alert.png"&gt;&lt;img src="alert.png" width="800px"&gt;&lt;/a&gt;</msg>
<status status="PASS" starttime="20220906 23:25:34.478" endtime="20220906 23:25:34.584"/>
</kw>
<status status="PASS" starttime="20220906 23:25:33.780" endtime="20220906 23:25:34.584"/>
</kw>
<kw name="Click on the Add Player Button">
<kw name="Click Element" library="SeleniumLibrary">
<arg>${ADDPLAYERBUTTON}</arg>
<doc>Click the element identified by ``locator``.</doc>
<msg timestamp="20220906 23:25:34.585" level="INFO">Clicking element 'xpath=//span[text()='Add player']/..'.</msg>
<status status="PASS" starttime="20220906 23:25:34.585" endtime="20220906 23:25:34.623"/>
</kw>
<status status="PASS" starttime="20220906 23:25:34.585" endtime="20220906 23:25:34.625"/>
</kw>
<kw name="Type In Name">
<kw name="Input Text" library="SeleniumLibrary">
<arg>${NAMEINPUT}</arg>
<arg>Peter</arg>
<doc>Types the given ``text`` into the text field identified by ``locator``.</doc>
<msg timestamp="20220906 23:25:34.628" level="INFO">Typing text 'Peter' into text field 'xpath=//*[@name='name']'.</msg>
<status status="PASS" starttime="20220906 23:25:34.627" endtime="20220906 23:25:34.799"/>
</kw>
<status status="PASS" starttime="20220906 23:25:34.627" endtime="20220906 23:25:34.799"/>
</kw>
<kw name="Type In Surname">
<kw name="Input Text" library="SeleniumLibrary">
<arg>${SURNAMEINPUT}</arg>
<arg>Griffin</arg>
<doc>Types the given ``text`` into the text field identified by ``locator``.</doc>
<msg timestamp="20220906 23:25:34.802" level="INFO">Typing text 'Griffin' into text field 'xpath=//*[@name='surname']'.</msg>
<status status="PASS" starttime="20220906 23:25:34.802" endtime="20220906 23:25:34.895"/>
</kw>
<status status="PASS" starttime="20220906 23:25:34.801" endtime="20220906 23:25:34.895"/>
</kw>
<kw name="Type In Age">
<kw name="Input Text" library="SeleniumLibrary">
<arg>${AGEINPUT}</arg>
<arg>01.01.1980</arg>
<doc>Types the given ``text`` into the text field identified by ``locator``.</doc>
<msg timestamp="20220906 23:25:34.895" level="INFO">Typing text '01.01.1980' into text field 'xpath=//*[@name='age']'.</msg>
<status status="PASS" starttime="20220906 23:25:34.895" endtime="20220906 23:25:34.976"/>
</kw>
<status status="PASS" starttime="20220906 23:25:34.895" endtime="20220906 23:25:34.976"/>
</kw>
<kw name="Type In Main Position">
<kw name="Input Text" library="SeleniumLibrary">
<arg>${MPINPUT}</arg>
<arg>family guy</arg>
<doc>Types the given ``text`` into the text field identified by ``locator``.</doc>
<msg timestamp="20220906 23:25:34.977" level="INFO">Typing text 'family guy' into text field 'xpath=//*[@name='mainPosition']'.</msg>
<status status="PASS" starttime="20220906 23:25:34.977" endtime="20220906 23:25:35.091"/>
</kw>
<status status="PASS" starttime="20220906 23:25:34.977" endtime="20220906 23:25:35.092"/>
</kw>
<kw name="Click on the Submit Button">
<kw name="Click Element" library="SeleniumLibrary">
<arg>${SUBMITBUTTON}</arg>
<doc>Click the element identified by ``locator``.</doc>
<msg timestamp="20220906 23:25:35.095" level="INFO">Clicking element 'xpath=//*[@type='submit']'.</msg>
<status status="PASS" starttime="20220906 23:25:35.094" endtime="20220906 23:25:35.163"/>
</kw>
<status status="PASS" starttime="20220906 23:25:35.094" endtime="20220906 23:25:35.163"/>
</kw>
<kw name="Close Browser" library="SeleniumLibrary" type="TEARDOWN">
<doc>Closes the current browser.</doc>
<status status="PASS" starttime="20220906 23:25:35.164" endtime="20220906 23:25:37.319"/>
</kw>
<status status="PASS" starttime="20220906 23:25:31.794" endtime="20220906 23:25:37.320"/>
</test>
<test id="s1-t6" name="Clear the Form" line="68">
<kw name="Open login page">
<kw name="Open Browser" library="SeleniumLibrary">
<arg>${LOGIN URL}</arg>
<arg>${BROWSER}</arg>
<doc>Opens a new browser instance to the optional ``url``.</doc>
<msg timestamp="20220906 23:25:37.326" level="INFO">Opening browser 'Chrome' to base url 'https://scouts-test.futbolkolektyw.pl/en'.</msg>
<status status="PASS" starttime="20220906 23:25:37.325" endtime="20220906 23:25:38.943"/>
</kw>
<kw name="Title Should Be" library="SeleniumLibrary">
<arg>Scouts panel - sign in</arg>
<doc>Verifies that the current page title equals ``title``.</doc>
<msg timestamp="20220906 23:25:38.948" level="INFO">Page title is 'Scouts panel - sign in'.</msg>
<status status="PASS" starttime="20220906 23:25:38.943" endtime="20220906 23:25:38.948"/>
</kw>
<status status="PASS" starttime="20220906 23:25:37.324" endtime="20220906 23:25:38.948"/>
</kw>
<kw name="Type in email">
<kw name="Input Text" library="SeleniumLibrary">
<arg>${EMAILINPUT}</arg>
<arg>user06@getnada.com</arg>
<doc>Types the given ``text`` into the text field identified by ``locator``.</doc>
<msg timestamp="20220906 23:25:38.949" level="INFO">Typing text 'user06@getnada.com' into text field 'xpath=//*[@id='login']'.</msg>
<status status="PASS" starttime="20220906 23:25:38.949" endtime="20220906 23:25:39.078"/>
</kw>
<status status="PASS" starttime="20220906 23:25:38.948" endtime="20220906 23:25:39.078"/>
</kw>
<kw name="Type in password">
<kw name="Input Text" library="SeleniumLibrary">
<arg>${PASSWORDINPUT}</arg>
<arg>Test-1234</arg>
<doc>Types the given ``text`` into the text field identified by ``locator``.</doc>
<msg timestamp="20220906 23:25:39.079" level="INFO">Typing text 'Test-1234' into text field 'xpath=//*[@id='password']'.</msg>
<status status="PASS" starttime="20220906 23:25:39.079" endtime="20220906 23:25:39.202"/>
</kw>
<status status="PASS" starttime="20220906 23:25:39.078" endtime="20220906 23:25:39.203"/>
</kw>
<kw name="Click On The Sign In Button">
<kw name="Click Element" library="SeleniumLibrary">
<arg>xpath=//*/button[@type='submit']</arg>
<doc>Click the element identified by ``locator``.</doc>
<msg timestamp="20220906 23:25:39.204" level="INFO">Clicking element 'xpath=//*/button[@type='submit']'.</msg>
<status status="PASS" starttime="20220906 23:25:39.204" endtime="20220906 23:25:39.248"/>
</kw>
<status status="PASS" starttime="20220906 23:25:39.204" endtime="20220906 23:25:39.248"/>
</kw>
<kw name="Assert dashboard">
<kw name="Wait Until Element Is Visible" library="SeleniumLibrary">
<arg>${SIGNOUTBUTTON}</arg>
<doc>Waits until the element ``locator`` is visible.</doc>
<status status="PASS" starttime="20220906 23:25:39.250" endtime="20220906 23:25:39.930"/>
</kw>
<kw name="Title Should Be" library="SeleniumLibrary">
<arg>Scouts panel</arg>
<doc>Verifies that the current page title equals ``title``.</doc>
<msg timestamp="20220906 23:25:39.937" level="INFO">Page title is 'Scouts panel'.</msg>
<status status="PASS" starttime="20220906 23:25:39.930" endtime="20220906 23:25:39.938"/>
</kw>
<kw name="Capture Page Screenshot" library="SeleniumLibrary">
<arg>alert.png</arg>
<doc>Takes a screenshot of the current page and embeds it into a log file.</doc>
<msg timestamp="20220906 23:25:40.048" level="INFO" html="true">&lt;/td&gt;&lt;/tr&gt;&lt;tr&gt;&lt;td colspan="3"&gt;&lt;a href="alert.png"&gt;&lt;img src="alert.png" width="800px"&gt;&lt;/a&gt;</msg>
<status status="PASS" starttime="20220906 23:25:39.938" endtime="20220906 23:25:40.048"/>
</kw>
<status status="PASS" starttime="20220906 23:25:39.248" endtime="20220906 23:25:40.048"/>
</kw>
<kw name="Click on the Add Player Button">
<kw name="Click Element" library="SeleniumLibrary">
<arg>${ADDPLAYERBUTTON}</arg>
<doc>Click the element identified by ``locator``.</doc>
<msg timestamp="20220906 23:25:40.050" level="INFO">Clicking element 'xpath=//span[text()='Add player']/..'.</msg>
<status status="PASS" starttime="20220906 23:25:40.050" endtime="20220906 23:25:40.097"/>
</kw>
<status status="PASS" starttime="20220906 23:25:40.050" endtime="20220906 23:25:40.097"/>
</kw>
<kw name="Type In Name">
<kw name="Input Text" library="SeleniumLibrary">
<arg>${NAMEINPUT}</arg>
<arg>Peter</arg>
<doc>Types the given ``text`` into the text field identified by ``locator``.</doc>
<msg timestamp="20220906 23:25:40.097" level="INFO">Typing text 'Peter' into text field 'xpath=//*[@name='name']'.</msg>
<status status="PASS" starttime="20220906 23:25:40.097" endtime="20220906 23:25:40.272"/>
</kw>
<status status="PASS" starttime="20220906 23:25:40.097" endtime="20220906 23:25:40.272"/>
</kw>
<kw name="Type In Surname">
<kw name="Input Text" library="SeleniumLibrary">
<arg>${SURNAMEINPUT}</arg>
<arg>Griffin</arg>
<doc>Types the given ``text`` into the text field identified by ``locator``.</doc>
<msg timestamp="20220906 23:25:40.273" level="INFO">Typing text 'Griffin' into text field 'xpath=//*[@name='surname']'.</msg>
<status status="PASS" starttime="20220906 23:25:40.273" endtime="20220906 23:25:40.367"/>
</kw>
<status status="PASS" starttime="20220906 23:25:40.273" endtime="20220906 23:25:40.368"/>
</kw>
<kw name="Click On Clear Button">
<kw name="Click Element" library="SeleniumLibrary">
<arg>${CLEARBUTTON}</arg>
<doc>Click the element identified by ``locator``.</doc>
<msg timestamp="20220906 23:25:40.370" level="INFO">Clicking element 'xpath=//*[text()='Clear']'.</msg>
<status status="PASS" starttime="20220906 23:25:40.370" endtime="20220906 23:25:40.422"/>
</kw>
<status status="PASS" starttime="20220906 23:25:40.369" endtime="20220906 23:25:40.422"/>
</kw>
<kw name="Close Browser" library="SeleniumLibrary" type="TEARDOWN">
<doc>Closes the current browser.</doc>
<status status="PASS" starttime="20220906 23:25:40.423" endtime="20220906 23:25:42.581"/>
</kw>
<status status="PASS" starttime="20220906 23:25:37.323" endtime="20220906 23:25:42.582"/>
</test>
<doc>Suite description</doc>
<status status="PASS" starttime="20220906 23:25:10.653" endtime="20220906 23:25:42.585"/>
</suite>
<statistics>
<total>
<stat pass="6" fail="0" skip="0">All Tests</stat>
</total>
<tag>
</tag>
<suite>
<stat pass="6" fail="0" skip="0" id="s1" name="Test Login Rf">Test Login Rf</stat>
</suite>
</statistics>
<errors>
</errors>
</robot>
