<?xml version="1.0" encoding="UTF-8"?>
<robot generator="Robot 5.0.1 (Python 3.10.6 on win32)" generated="20220906 13:01:57.106" rpa="false" schemaversion="3">
<suite id="s1" name="Test Login Rf" source="D:\DareIT\daria_robot_framework\test_login_rf.robot">
<test id="s1-t1" name="Login to the system" line="15">
<kw name="Open login page">
<kw name="Open Browser" library="SeleniumLibrary">
<arg>${LOGIN URL}</arg>
<arg>${BROWSER}</arg>
<doc>Opens a new browser instance to the optional ``url``.</doc>
<msg timestamp="20220906 13:01:57.267" level="INFO">Opening browser 'Chrome' to base url 'https://scouts-test.futbolkolektyw.pl/en'.</msg>
<status status="PASS" starttime="20220906 13:01:57.266" endtime="20220906 13:01:59.957"/>
</kw>
<kw name="Title Should Be" library="SeleniumLibrary">
<arg>Scouts panel - sign in</arg>
<doc>Verifies that the current page title equals ``title``.</doc>
<msg timestamp="20220906 13:01:59.975" level="INFO">Page title is 'Scouts panel - sign in'.</msg>
<status status="PASS" starttime="20220906 13:01:59.958" endtime="20220906 13:01:59.975"/>
</kw>
<status status="PASS" starttime="20220906 13:01:57.266" endtime="20220906 13:01:59.975"/>
</kw>
<kw name="Type in email">
<kw name="Input Text" library="SeleniumLibrary">
<arg>${EMAILINPUT}</arg>
<arg>user06@getnada.com</arg>
<doc>Types the given ``text`` into the text field identified by ``locator``.</doc>
<msg timestamp="20220906 13:01:59.977" level="INFO">Typing text 'user06@getnada.com' into text field 'xpath=//*[@id='login']'.</msg>
<status status="PASS" starttime="20220906 13:01:59.977" endtime="20220906 13:02:00.435"/>
</kw>
<status status="PASS" starttime="20220906 13:01:59.975" endtime="20220906 13:02:00.436"/>
</kw>
<kw name="Type in password">
<kw name="Input Text" library="SeleniumLibrary">
<arg>${PASSWORDINPUT}</arg>
<arg>Test-1234</arg>
<doc>Types the given ``text`` into the text field identified by ``locator``.</doc>
<msg timestamp="20220906 13:02:00.438" level="INFO">Typing text 'Test-1234' into text field 'xpath=//*[@id='password']'.</msg>
<status status="PASS" starttime="20220906 13:02:00.438" endtime="20220906 13:02:00.558"/>
</kw>
<status status="PASS" starttime="20220906 13:02:00.437" endtime="20220906 13:02:00.560"/>
</kw>
<kw name="Click on the Submit button">
<kw name="Click Element" library="SeleniumLibrary">
<arg>xpath=//*/button[@type='submit']</arg>
<doc>Click the element identified by ``locator``.</doc>
<msg timestamp="20220906 13:02:00.563" level="INFO">Clicking element 'xpath=//*/button[@type='submit']'.</msg>
<status status="PASS" starttime="20220906 13:02:00.563" endtime="20220906 13:02:00.624"/>
</kw>
<status status="PASS" starttime="20220906 13:02:00.561" endtime="20220906 13:02:00.625"/>
</kw>
<kw name="Assert dashboard">
<kw name="Wait Until Element Is Visible" library="SeleniumLibrary">
<arg>${PAGELOGO}</arg>
<doc>Waits until the element ``locator`` is visible.</doc>
<status status="PASS" starttime="20220906 13:02:00.625" endtime="20220906 13:02:01.290"/>
</kw>
<kw name="Title Should Be" library="SeleniumLibrary">
<arg>Scouts panel</arg>
<doc>Verifies that the current page title equals ``title``.</doc>
<msg timestamp="20220906 13:02:01.293" level="INFO">Page title is 'Scouts panel'.</msg>
<status status="PASS" starttime="20220906 13:02:01.290" endtime="20220906 13:02:01.293"/>
</kw>
<kw name="Capture Page Screenshot" library="SeleniumLibrary">
<arg>alert.png</arg>
<doc>Takes a screenshot of the current page and embeds it into a log file.</doc>
<msg timestamp="20220906 13:02:01.402" level="INFO" html="true">&lt;/td&gt;&lt;/tr&gt;&lt;tr&gt;&lt;td colspan="3"&gt;&lt;a href="alert.png"&gt;&lt;img src="alert.png" width="800px"&gt;&lt;/a&gt;</msg>
<status status="PASS" starttime="20220906 13:02:01.293" endtime="20220906 13:02:01.402"/>
</kw>
<status status="PASS" starttime="20220906 13:02:00.625" endtime="20220906 13:02:01.402"/>
</kw>
<kw name="Close Browser" library="SeleniumLibrary" type="TEARDOWN">
<doc>Closes the current browser.</doc>
<status status="PASS" starttime="20220906 13:02:01.403" endtime="20220906 13:02:03.599"/>
</kw>
<status status="PASS" starttime="20220906 13:01:57.265" endtime="20220906 13:02:03.600"/>
</test>
<doc>Suite description</doc>
<status status="PASS" starttime="20220906 13:01:57.108" endtime="20220906 13:02:03.601"/>
</suite>
<statistics>
<total>
<stat pass="1" fail="0" skip="0">All Tests</stat>
</total>
<tag>
</tag>
<suite>
<stat pass="1" fail="0" skip="0" id="s1" name="Test Login Rf">Test Login Rf</stat>
</suite>
</statistics>
<errors>
</errors>
</robot>
